SF:lib\src\array\array_util.dart
DA:6,3
DA:7,3
DA:9,3
DA:10,6
DA:11,12
DA:17,3
DA:19,3
DA:20,3
DA:22,3
DA:23,3
DA:24,3
DA:26,3
DA:31,3
DA:32,12
DA:39,3
DA:40,15
DA:44,3
DA:45,6
DA:49,3
DA:50,12
DA:56,2
DA:57,8
DA:61,2
DA:62,2
DA:63,2
DA:65,2
DA:66,2
DA:71,2
DA:72,6
DA:73,4
DA:77,2
DA:81,3
DA:83,12
DA:84,3
DA:88,2
DA:89,4
DA:90,2
DA:91,2
DA:93,2
DA:94,2
DA:98,3
DA:99,3
DA:100,3
DA:102,4
DA:103,2
DA:104,4
DA:106,2
DA:107,2
DA:111,3
DA:112,9
DA:113,9
DA:119,3
DA:120,12
DA:125,3
DA:126,12
DA:130,2
DA:132,4
DA:133,3
DA:134,4
DA:143,3
DA:144,12
DA:149,3
DA:150,3
DA:151,6
DA:152,6
DA:159,3
DA:161,3
DA:162,3
DA:163,6
DA:164,6
DA:165,3
DA:174,3
DA:176,3
DA:177,3
DA:178,6
DA:179,6
DA:180,3
DA:189,3
DA:190,6
DA:194,3
DA:196,3
DA:197,6
DA:198,3
DA:199,3
DA:200,3
DA:201,3
DA:208,3
DA:209,6
DA:213,2
DA:214,8
DA:221,3
DA:223,3
DA:224,6
DA:225,3
DA:226,3
DA:227,3
DA:228,3
DA:231,6
DA:232,3
DA:233,3
DA:234,2
DA:235,2
DA:244,2
DA:245,4
DA:251,3
DA:252,3
DA:253,9
DA:254,15
DA:261,3
DA:262,12
LF:110
LH:110
end_of_record
SF:lib\src\array\extension.dart
DA:8,2
DA:12,2
DA:19,2
DA:26,1
DA:27,1
DA:35,2
DA:40,2
DA:45,2
DA:53,1
DA:54,1
DA:58,2
DA:64,2
DA:68,2
DA:73,2
DA:79,2
DA:83,2
DA:87,2
DA:93,2
DA:97,2
DA:103,2
DA:108,1
DA:109,1
DA:112,2
DA:116,2
DA:123,1
DA:124,1
DA:127,2
DA:134,2
DA:139,1
DA:140,1
DA:145,2
LF:31
LH:31
end_of_record
SF:lib\src\array\utiles.dart
DA:4,1
DA:5,6
DA:9,1
DA:10,1
DA:12,3
DA:14,2
DA:15,1
DA:16,0
DA:17,2
DA:23,3
DA:24,3
DA:25,3
DA:27,3
DA:28,0
DA:30,6
DA:31,3
DA:32,0
DA:34,6
DA:35,3
DA:36,6
LF:20
LH:17
end_of_record
SF:lib\src\collective\collective_util.dart
DA:4,0
DA:5,0
DA:9,0
DA:10,0
DA:11,0
DA:13,0
DA:17,0
DA:18,0
DA:21,0
DA:22,0
DA:23,0
DA:25,0
DA:29,0
DA:32,0
DA:33,0
DA:36,0
DA:39,0
DA:40,0
DA:43,0
DA:44,0
DA:45,0
DA:46,0
DA:47,0
DA:54,0
DA:56,0
DA:57,0
DA:59,0
DA:63,0
DA:64,0
DA:65,0
DA:66,0
DA:67,0
DA:74,0
DA:77,0
DA:78,0
DA:81,0
DA:84,0
DA:86,0
DA:87,0
DA:93,0
DA:94,0
DA:97,0
DA:106,0
DA:111,0
DA:116,0
DA:120,0
DA:122,0
DA:124,0
DA:128,0
DA:129,0
DA:130,0
DA:131,0
DA:132,0
DA:134,0
DA:138,0
DA:139,0
DA:140,0
DA:141,0
DA:145,0
DA:146,0
DA:147,0
DA:155,0
DA:156,0
DA:158,0
DA:159,0
DA:161,0
DA:165,0
DA:166,0
DA:171,0
DA:175,0
DA:176,0
DA:178,0
DA:182,0
DA:183,0
DA:184,0
DA:192,0
DA:193,0
DA:194,0
DA:196,0
DA:198,0
DA:199,0
DA:210,0
DA:211,0
DA:212,0
DA:213,0
DA:214,0
DA:215,0
DA:216,0
DA:225,0
DA:226,0
DA:227,0
DA:228,0
DA:229,0
DA:230,0
DA:234,0
DA:235,0
DA:236,0
DA:248,0
DA:249,0
DA:250,0
DA:252,0
DA:253,0
DA:255,0
LF:103
LH:0
end_of_record
SF:lib\src\function\function_util.dart
DA:7,0
DA:9,0
DA:10,0
DA:11,0
DA:14,0
DA:15,0
DA:18,0
DA:23,0
DA:24,0
DA:25,0
DA:30,0
DA:32,0
DA:34,0
DA:36,0
DA:38,0
DA:40,0
DA:43,0
DA:49,0
DA:55,0
DA:57,0
DA:58,0
DA:60,0
DA:65,0
DA:67,0
DA:68,0
DA:69,0
DA:71,0
LF:27
LH:0
end_of_record
SF:lib\src\string\extension.dart
DA:6,0
DA:10,0
DA:14,0
DA:18,0
DA:22,0
DA:26,0
DA:30,0
DA:31,0
DA:35,0
DA:41,0
DA:45,0
DA:51,0
DA:55,0
DA:60,0
DA:61,0
DA:67,0
DA:71,0
DA:72,0
DA:77,0
DA:78,0
DA:81,0
DA:85,0
LF:22
LH:0
end_of_record
SF:lib\src\string\string_util.dart
DA:4,0
DA:5,0
DA:9,0
DA:10,0
DA:11,0
DA:12,0
DA:13,0
DA:18,0
DA:20,0
DA:21,0
DA:22,0
DA:23,0
DA:24,0
DA:28,0
DA:29,0
DA:33,0
DA:34,0
DA:38,0
DA:39,0
DA:43,0
DA:44,0
DA:48,0
DA:50,0
DA:51,0
DA:52,0
DA:53,0
DA:54,0
DA:55,0
DA:61,0
DA:63,0
DA:64,0
DA:65,0
DA:66,0
DA:67,0
DA:68,0
DA:74,0
DA:76,0
DA:77,0
DA:78,0
DA:79,0
DA:80,0
DA:81,0
DA:87,0
DA:88,0
DA:92,0
DA:93,0
DA:97,0
DA:98,0
DA:102,0
DA:103,0
DA:107,0
DA:108,0
DA:113,0
DA:114,0
DA:118,0
DA:122,0
DA:123,0
DA:127,0
DA:128,0
LF:59
LH:0
end_of_record
